INFO 2021-02-17 16:17:32,960 autoreload 617 Watching for file changes with StatReloader
INFO 2021-02-17 16:17:35,170 basehttp 157 "GET / HTTP/1.1" 200 16299
INFO 2021-02-17 16:17:35,210 basehttp 157 "GET /static/admin/css/fonts.css HTTP/1.1" 200 423
INFO 2021-02-17 16:17:35,441 basehttp 157 "GET /static/admin/fonts/Roboto-Regular-webfont.woff HTTP/1.1" 200 85876
INFO 2021-02-17 16:17:35,442 basehttp 157 "GET /static/admin/fonts/Roboto-Bold-webfont.woff HTTP/1.1" 200 86184
INFO 2021-02-17 16:17:35,443 basehttp 157 "GET /static/admin/fonts/Roboto-Light-webfont.woff HTTP/1.1" 200 85692
INFO 2021-02-17 16:21:44,173 autoreload 240 E:\eric\py_django\django\meiduo_project\meiduo_mall\meiduo_mall\settings\dev.py changed, reloading.
INFO 2021-02-17 16:21:45,313 autoreload 617 Watching for file changes with StatReloader
INFO 2021-02-17 16:22:36,434 autoreload 240 E:\eric\py_django\django\meiduo_project\meiduo_mall\meiduo_mall\settings\dev.py changed, reloading.
INFO 2021-02-17 16:22:37,508 autoreload 617 Watching for file changes with StatReloader
INFO 2021-02-17 16:22:47,094 autoreload 240 E:\eric\py_django\django\meiduo_project\meiduo_mall\meiduo_mall\settings\dev.py changed, reloading.
INFO 2021-02-17 16:22:48,170 autoreload 617 Watching for file changes with StatReloader
INFO 2021-02-17 16:22:58,786 autoreload 240 E:\eric\py_django\django\meiduo_project\meiduo_mall\meiduo_mall\settings\dev.py changed, reloading.
INFO 2021-02-17 16:22:59,856 autoreload 617 Watching for file changes with StatReloader
INFO 2021-02-17 16:28:47,327 autoreload 617 Watching for file changes with StatReloader
INFO 2021-02-17 16:28:49,718 basehttp 157 "GET / HTTP/1.1" 200 16299
INFO 2021-02-17 16:28:49,747 basehttp 157 "GET /static/admin/css/fonts.css HTTP/1.1" 200 423
INFO 2021-02-17 16:28:49,798 basehttp 157 "GET /static/admin/fonts/Roboto-Regular-webfont.woff HTTP/1.1" 200 85876
INFO 2021-02-17 16:28:49,799 basehttp 157 "GET /static/admin/fonts/Roboto-Bold-webfont.woff HTTP/1.1" 200 86184
INFO 2021-02-17 16:28:49,800 basehttp 157 "GET /static/admin/fonts/Roboto-Light-webfont.woff HTTP/1.1" 200 85692
WARNING 2021-02-17 16:29:35,309 log 224 Not Found: /favicon.ico
WARNING 2021-02-17 16:29:35,310 basehttp 157 "GET /favicon.ico HTTP/1.1" 404 1977
WARNING 2021-02-17 16:29:35,915 log 224 Not Found: /favicon.ico
WARNING 2021-02-17 16:29:35,916 basehttp 157 "GET /favicon.ico HTTP/1.1" 404 1977
INFO 2021-02-17 16:29:36,215 basehttp 157 "GET /static/images/adv01.jpg HTTP/1.1" 200 39831
INFO 2021-02-17 16:31:18,609 autoreload 240 E:\eric\py_django\django\meiduo_project\meiduo_mall\meiduo_mall\settings\dev.py changed, reloading.
INFO 2021-02-17 16:31:19,694 autoreload 617 Watching for file changes with StatReloader
INFO 2021-02-17 16:44:15,677 autoreload 240 E:\eric\py_django\django\meiduo_project\meiduo_mall\meiduo_mall\settings\dev.py changed, reloading.
INFO 2021-02-17 16:44:16,673 autoreload 617 Watching for file changes with StatReloader
INFO 2021-02-17 16:46:44,411 autoreload 617 Watching for file changes with StatReloader
INFO 2021-02-17 16:47:10,330 autoreload 240 E:\eric\py_django\django\meiduo_project\meiduo_mall\meiduo_mall\settings\dev.py changed, reloading.
INFO 2021-02-17 16:47:31,062 autoreload 617 Watching for file changes with StatReloader
INFO 2021-02-17 16:47:52,850 autoreload 240 E:\eric\py_django\django\meiduo_project\meiduo_mall\meiduo_mall\settings\dev.py changed, reloading.
INFO 2021-02-17 16:49:53,783 autoreload 617 Watching for file changes with StatReloader
INFO 2021-02-17 16:50:06,305 autoreload 240 E:\eric\py_django\django\meiduo_project\meiduo_mall\meiduo_mall\settings\dev.py changed, reloading.
INFO 2021-02-17 16:50:07,289 autoreload 617 Watching for file changes with StatReloader
INFO 2021-02-17 16:51:32,872 autoreload 240 E:\eric\py_django\django\meiduo_project\meiduo_mall\meiduo_mall\settings\dev.py changed, reloading.
INFO 2021-02-17 16:51:33,885 autoreload 617 Watching for file changes with StatReloader
INFO 2021-02-17 16:51:44,350 autoreload 240 E:\eric\py_django\django\meiduo_project\meiduo_mall\meiduo_mall\settings\dev.py changed, reloading.
INFO 2021-02-17 16:51:45,409 autoreload 617 Watching for file changes with StatReloader
INFO 2021-02-17 16:52:06,153 autoreload 240 E:\eric\py_django\django\meiduo_project\meiduo_mall\meiduo_mall\settings\dev.py changed, reloading.
INFO 2021-02-17 16:52:07,146 autoreload 617 Watching for file changes with StatReloader
INFO 2021-02-17 16:52:23,800 autoreload 240 E:\eric\py_django\django\meiduo_project\meiduo_mall\meiduo_mall\settings\dev.py changed, reloading.
INFO 2021-02-17 16:52:24,775 autoreload 617 Watching for file changes with StatReloader
INFO 2021-02-17 16:52:41,423 autoreload 240 E:\eric\py_django\django\meiduo_project\meiduo_mall\meiduo_mall\settings\dev.py changed, reloading.
INFO 2021-02-17 16:52:42,421 autoreload 617 Watching for file changes with StatReloader
INFO 2021-02-17 16:53:02,157 autoreload 240 E:\eric\py_django\django\meiduo_project\meiduo_mall\meiduo_mall\settings\dev.py changed, reloading.
INFO 2021-02-17 16:53:03,174 autoreload 617 Watching for file changes with StatReloader
INFO 2021-02-17 16:54:30,782 autoreload 240 E:\eric\py_django\django\meiduo_project\meiduo_mall\meiduo_mall\settings\dev.py changed, reloading.
INFO 2021-02-17 16:54:31,823 autoreload 617 Watching for file changes with StatReloader
INFO 2021-02-17 16:54:42,301 autoreload 240 E:\eric\py_django\django\meiduo_project\meiduo_mall\meiduo_mall\settings\dev.py changed, reloading.
INFO 2021-02-17 16:54:43,310 autoreload 617 Watching for file changes with StatReloader
INFO 2021-02-17 16:57:09,567 autoreload 240 E:\eric\py_django\django\meiduo_project\meiduo_mall\meiduo_mall\settings\dev.py changed, reloading.
INFO 2021-02-17 16:57:10,556 autoreload 617 Watching for file changes with StatReloader
INFO 2021-02-17 16:57:16,924 autoreload 240 E:\eric\py_django\django\meiduo_project\meiduo_mall\meiduo_mall\settings\dev.py changed, reloading.
INFO 2021-02-17 16:57:17,937 autoreload 617 Watching for file changes with StatReloader
INFO 2021-02-17 16:57:27,383 autoreload 240 E:\eric\py_django\django\meiduo_project\meiduo_mall\meiduo_mall\settings\dev.py changed, reloading.
INFO 2021-02-17 16:57:28,354 autoreload 617 Watching for file changes with StatReloader
INFO 2021-02-17 16:57:33,666 autoreload 240 E:\eric\py_django\django\meiduo_project\meiduo_mall\meiduo_mall\settings\dev.py changed, reloading.
INFO 2021-02-17 16:59:26,605 autoreload 617 Watching for file changes with StatReloader
INFO 2021-02-17 17:00:03,203 autoreload 240 E:\eric\py_django\django\meiduo_project\meiduo_mall\meiduo_mall\settings\dev.py changed, reloading.
INFO 2021-02-17 17:00:04,277 autoreload 617 Watching for file changes with StatReloader
INFO 2021-02-17 17:01:40,120 autoreload 240 E:\eric\py_django\django\meiduo_project\meiduo_mall\meiduo_mall\settings\dev.py changed, reloading.
INFO 2021-02-17 17:01:41,152 autoreload 617 Watching for file changes with StatReloader
INFO 2021-02-17 17:01:58,628 autoreload 617 Watching for file changes with StatReloader
INFO 2021-02-17 22:34:08,906 autoreload 617 Watching for file changes with StatReloader
INFO 2021-02-17 22:34:13,743 basehttp 157 "GET / HTTP/1.1" 200 16299
INFO 2021-02-17 22:34:13,775 basehttp 157 "GET /static/admin/css/fonts.css HTTP/1.1" 200 423
INFO 2021-02-17 22:34:13,829 basehttp 157 "GET /static/admin/fonts/Roboto-Regular-webfont.woff HTTP/1.1" 200 85876
INFO 2021-02-17 22:34:13,833 basehttp 157 "GET /static/admin/fonts/Roboto-Light-webfont.woff HTTP/1.1" 200 85692
INFO 2021-02-17 22:34:13,834 basehttp 157 "GET /static/admin/fonts/Roboto-Bold-webfont.woff HTTP/1.1" 200 86184
INFO 2021-02-17 22:36:35,797 autoreload 240 E:\eric\py_django\django\meiduo_project\meiduo_mall\meiduo_mall\settings\dev.py changed, reloading.
INFO 2021-02-17 22:36:36,864 autoreload 617 Watching for file changes with StatReloader
INFO 2021-02-17 22:42:06,058 autoreload 240 E:\eric\py_django\django\meiduo_project\meiduo_mall\meiduo_mall\urls.py changed, reloading.
INFO 2021-02-17 22:42:07,128 autoreload 617 Watching for file changes with StatReloader
INFO 2021-02-17 22:42:15,583 autoreload 240 E:\eric\py_django\django\meiduo_project\meiduo_mall\meiduo_mall\urls.py changed, reloading.
INFO 2021-02-17 22:42:16,632 autoreload 617 Watching for file changes with StatReloader
INFO 2021-02-17 22:42:25,087 autoreload 240 E:\eric\py_django\django\meiduo_project\meiduo_mall\meiduo_mall\urls.py changed, reloading.
INFO 2021-02-17 22:42:26,112 autoreload 617 Watching for file changes with StatReloader
INFO 2021-02-17 22:42:33,537 autoreload 240 E:\eric\py_django\django\meiduo_project\meiduo_mall\meiduo_mall\urls.py changed, reloading.
INFO 2021-02-17 22:42:34,574 autoreload 617 Watching for file changes with StatReloader
INFO 2021-02-17 22:42:44,064 autoreload 240 E:\eric\py_django\django\meiduo_project\meiduo_mall\meiduo_mall\urls.py changed, reloading.
INFO 2021-02-17 22:42:45,110 autoreload 617 Watching for file changes with StatReloader
INFO 2021-02-17 22:43:15,283 autoreload 240 E:\eric\py_django\django\meiduo_project\meiduo_mall\meiduo_mall\apps\users\urls.py changed, reloading.
INFO 2021-02-17 22:43:16,321 autoreload 617 Watching for file changes with StatReloader
INFO 2021-02-17 22:43:17,531 autoreload 240 E:\eric\py_django\django\meiduo_project\meiduo_mall\meiduo_mall\apps\users\urls.py changed, reloading.
INFO 2021-02-17 22:43:18,562 autoreload 617 Watching for file changes with StatReloader
INFO 2021-02-17 22:43:33,220 autoreload 240 E:\eric\py_django\django\meiduo_project\meiduo_mall\meiduo_mall\apps\users\urls.py changed, reloading.
INFO 2021-02-17 22:43:34,248 autoreload 617 Watching for file changes with StatReloader
INFO 2021-02-17 22:43:52,008 autoreload 240 E:\eric\py_django\django\meiduo_project\meiduo_mall\meiduo_mall\apps\users\urls.py changed, reloading.
INFO 2021-02-17 22:43:53,059 autoreload 617 Watching for file changes with StatReloader
INFO 2021-02-17 22:44:02,563 autoreload 240 E:\eric\py_django\django\meiduo_project\meiduo_mall\meiduo_mall\apps\users\urls.py changed, reloading.
INFO 2021-02-17 22:44:03,602 autoreload 617 Watching for file changes with StatReloader
INFO 2021-02-17 22:44:30,687 autoreload 240 E:\eric\py_django\django\meiduo_project\meiduo_mall\meiduo_mall\apps\users\urls.py changed, reloading.
INFO 2021-02-17 22:44:31,711 autoreload 617 Watching for file changes with StatReloader
INFO 2021-02-17 22:44:37,069 autoreload 240 E:\eric\py_django\django\meiduo_project\meiduo_mall\meiduo_mall\apps\users\urls.py changed, reloading.
INFO 2021-02-17 22:44:38,105 autoreload 617 Watching for file changes with StatReloader
INFO 2021-02-17 22:44:40,332 autoreload 240 E:\eric\py_django\django\meiduo_project\meiduo_mall\meiduo_mall\apps\users\urls.py changed, reloading.
INFO 2021-02-17 22:44:41,379 autoreload 617 Watching for file changes with StatReloader
INFO 2021-02-17 22:44:43,633 autoreload 240 E:\eric\py_django\django\meiduo_project\meiduo_mall\meiduo_mall\apps\users\urls.py changed, reloading.
INFO 2021-02-17 22:44:44,654 autoreload 617 Watching for file changes with StatReloader
INFO 2021-02-17 22:44:47,921 autoreload 240 E:\eric\py_django\django\meiduo_project\meiduo_mall\meiduo_mall\apps\users\urls.py changed, reloading.
INFO 2021-02-17 22:44:48,973 autoreload 617 Watching for file changes with StatReloader
INFO 2021-02-17 22:44:59,507 autoreload 240 E:\eric\py_django\django\meiduo_project\meiduo_mall\meiduo_mall\apps\users\urls.py changed, reloading.
INFO 2021-02-17 22:45:00,558 autoreload 617 Watching for file changes with StatReloader
INFO 2021-02-17 22:45:04,891 autoreload 240 E:\eric\py_django\django\meiduo_project\meiduo_mall\meiduo_mall\apps\users\urls.py changed, reloading.
INFO 2021-02-17 22:45:05,971 autoreload 617 Watching for file changes with StatReloader
INFO 2021-02-17 22:45:12,398 autoreload 240 E:\eric\py_django\django\meiduo_project\meiduo_mall\meiduo_mall\apps\users\urls.py changed, reloading.
INFO 2021-02-17 22:45:13,487 autoreload 617 Watching for file changes with StatReloader
INFO 2021-02-17 22:45:40,995 autoreload 617 Watching for file changes with StatReloader
INFO 2021-02-17 22:46:03,966 autoreload 240 E:\eric\py_django\django\meiduo_project\meiduo_mall\meiduo_mall\apps\users\urls.py changed, reloading.
INFO 2021-02-17 22:46:05,040 autoreload 617 Watching for file changes with StatReloader
INFO 2021-02-17 22:46:17,657 autoreload 240 E:\eric\py_django\django\meiduo_project\meiduo_mall\meiduo_mall\apps\users\urls.py changed, reloading.
INFO 2021-02-17 22:46:18,717 autoreload 617 Watching for file changes with StatReloader
INFO 2021-02-17 22:47:12,734 autoreload 240 E:\eric\py_django\django\meiduo_project\meiduo_mall\meiduo_mall\apps\users\urls.py changed, reloading.
INFO 2021-02-17 22:47:13,796 autoreload 617 Watching for file changes with StatReloader
INFO 2021-02-17 22:48:51,512 autoreload 617 Watching for file changes with StatReloader
INFO 2021-02-17 22:50:31,092 autoreload 617 Watching for file changes with StatReloader
INFO 2021-02-17 22:51:11,635 autoreload 240 E:\eric\py_django\django\meiduo_project\meiduo_mall\meiduo_mall\apps\users\urls.py changed, reloading.
INFO 2021-02-17 22:51:12,730 autoreload 617 Watching for file changes with StatReloader
INFO 2021-02-17 22:51:35,659 autoreload 240 E:\eric\py_django\django\meiduo_project\meiduo_mall\meiduo_mall\apps\users\urls.py changed, reloading.
INFO 2021-02-17 22:51:36,711 autoreload 617 Watching for file changes with StatReloader
INFO 2021-02-17 22:52:07,977 autoreload 240 E:\eric\py_django\django\meiduo_project\meiduo_mall\meiduo_mall\apps\users\urls.py changed, reloading.
INFO 2021-02-17 22:52:09,059 autoreload 617 Watching for file changes with StatReloader
INFO 2021-02-17 22:53:41,396 autoreload 240 E:\eric\py_django\django\meiduo_project\meiduo_mall\meiduo_mall\apps\users\urls.py changed, reloading.
INFO 2021-02-17 22:53:42,487 autoreload 617 Watching for file changes with StatReloader
INFO 2021-02-17 22:53:46,386 autoreload 617 Watching for file changes with StatReloader
INFO 2021-02-17 22:53:55,889 autoreload 240 E:\eric\py_django\django\meiduo_project\meiduo_mall\meiduo_mall\apps\users\urls.py changed, reloading.
INFO 2021-02-17 22:53:56,993 autoreload 617 Watching for file changes with StatReloader
INFO 2021-02-17 22:53:59,669 autoreload 617 Watching for file changes with StatReloader
INFO 2021-02-17 22:56:00,761 autoreload 617 Watching for file changes with StatReloader
INFO 2021-02-17 23:00:49,918 autoreload 617 Watching for file changes with StatReloader
INFO 2021-02-17 23:01:12,880 autoreload 240 E:\eric\py_django\django\meiduo_project\meiduo_mall\meiduo_mall\apps\users\urls.py changed, reloading.
INFO 2021-02-17 23:01:13,963 autoreload 617 Watching for file changes with StatReloader
INFO 2021-02-17 23:01:39,298 autoreload 617 Watching for file changes with StatReloader
INFO 2021-02-17 23:05:22,222 autoreload 240 E:\eric\py_django\django\meiduo_project\meiduo_mall\meiduo_mall\settings\dev.py changed, reloading.
INFO 2021-02-17 23:05:23,332 autoreload 617 Watching for file changes with StatReloader
INFO 2021-02-17 23:05:25,618 autoreload 240 E:\eric\py_django\django\meiduo_project\meiduo_mall\meiduo_mall\settings\dev.py changed, reloading.
INFO 2021-02-17 23:05:26,761 autoreload 617 Watching for file changes with StatReloader
INFO 2021-02-17 23:08:28,164 autoreload 240 E:\eric\py_django\django\meiduo_project\meiduo_mall\meiduo_mall\apps\users\urls.py changed, reloading.
INFO 2021-02-17 23:08:29,267 autoreload 617 Watching for file changes with StatReloader
INFO 2021-02-17 23:09:16,356 autoreload 617 Watching for file changes with StatReloader
INFO 2021-02-17 23:14:21,570 autoreload 617 Watching for file changes with StatReloader
INFO 2021-02-17 23:14:54,702 autoreload 617 Watching for file changes with StatReloader
INFO 2021-02-17 23:15:08,398 autoreload 240 E:\eric\py_django\django\meiduo_project\meiduo_mall\meiduo_mall\urls.py changed, reloading.
INFO 2021-02-17 23:15:09,475 autoreload 617 Watching for file changes with StatReloader
INFO 2021-02-17 23:15:25,261 autoreload 617 Watching for file changes with StatReloader
INFO 2021-02-17 23:15:41,724 autoreload 617 Watching for file changes with StatReloader
INFO 2021-02-17 23:15:46,506 basehttp 157 "GET /register HTTP/1.1" 301 0
INFO 2021-02-17 23:15:46,523 basehttp 157 "GET /register/ HTTP/1.1" 200 4834
INFO 2021-02-17 23:15:46,534 basehttp 157 "GET /static/css/reset.css HTTP/1.1" 200 638
INFO 2021-02-17 23:15:46,534 basehttp 157 "GET /static/js/host.js HTTP/1.1" 200 123
INFO 2021-02-17 23:15:46,536 basehttp 157 "GET /static/js/axios-0.18.0.min.js HTTP/1.1" 200 12941
INFO 2021-02-17 23:15:46,536 basehttp 157 "GET /static/css/main.css HTTP/1.1" 200 39722
INFO 2021-02-17 23:15:46,537 basehttp 157 "GET /static/js/register.js HTTP/1.1" 200 19437
INFO 2021-02-17 23:15:46,537 basehttp 157 "GET /static/images/logo.png HTTP/1.1" 200 7450
INFO 2021-02-17 23:15:46,539 basehttp 157 "GET /static/js/vue-2.5.16.js HTTP/1.1" 200 289307
INFO 2021-02-17 23:15:46,574 basehttp 157 "GET /static/images/interval_line.png HTTP/1.1" 200 1123
INFO 2021-02-17 23:15:46,575 basehttp 157 "GET /static/images/icons02.png HTTP/1.1" 200 3935
INFO 2021-02-17 23:15:46,575 basehttp 157 "GET /static/images/register_banner.png HTTP/1.1" 200 54894
WARNING 2021-02-17 23:15:46,600 log 224 Not Found: /favicon.ico
WARNING 2021-02-17 23:15:46,601 basehttp 157 "GET /favicon.ico HTTP/1.1" 404 2152
INFO 2021-02-17 23:18:21,175 autoreload 240 E:\eric\py_django\django\meiduo_project\meiduo_mall\meiduo_mall\urls.py changed, reloading.
INFO 2021-02-17 23:18:22,248 autoreload 617 Watching for file changes with StatReloader
INFO 2021-02-17 23:18:25,140 autoreload 617 Watching for file changes with StatReloader
INFO 2021-02-17 23:19:07,013 autoreload 617 Watching for file changes with StatReloader
INFO 2021-02-17 23:19:10,051 basehttp 157 "GET /register/ HTTP/1.1" 200 4834
WARNING 2021-02-17 23:19:32,220 base 101 Method Not Allowed (POST): /register/
WARNING 2021-02-17 23:19:32,220 log 224 Method Not Allowed: /register/
WARNING 2021-02-17 23:19:32,221 basehttp 157 "POST /register/ HTTP/1.1" 405 0
WARNING 2021-02-17 23:19:47,149 log 224 Not Found: /favicon.ico
WARNING 2021-02-17 23:19:47,149 basehttp 157 "GET /favicon.ico HTTP/1.1" 404 2152
WARNING 2021-02-17 23:19:47,749 log 224 Not Found: /favicon.ico
WARNING 2021-02-17 23:19:47,749 basehttp 157 "GET /favicon.ico HTTP/1.1" 404 2152
WARNING 2021-02-17 23:19:48,350 log 224 Not Found: /favicon.ico
WARNING 2021-02-17 23:19:48,351 basehttp 157 "GET /favicon.ico HTTP/1.1" 404 2152
WARNING 2021-02-17 23:19:48,969 log 224 Not Found: /favicon.ico
WARNING 2021-02-17 23:19:48,970 basehttp 157 "GET /favicon.ico HTTP/1.1" 404 2152
WARNING 2021-02-17 23:19:49,583 log 224 Not Found: /favicon.ico
WARNING 2021-02-17 23:19:49,583 basehttp 157 "GET /favicon.ico HTTP/1.1" 404 2152
WARNING 2021-02-17 23:19:50,184 log 224 Not Found: /favicon.ico
WARNING 2021-02-17 23:19:50,184 basehttp 157 "GET /favicon.ico HTTP/1.1" 404 2152
INFO 2021-02-17 23:19:50,819 basehttp 157 "GET /register HTTP/1.1" 301 0
INFO 2021-02-17 23:19:50,826 basehttp 157 "GET /register/ HTTP/1.1" 200 4834
INFO 2021-02-17 23:19:50,869 basehttp 157 "GET /static/css/reset.css HTTP/1.1" 200 638
INFO 2021-02-17 23:19:50,875 basehttp 157 "GET /static/js/host.js HTTP/1.1" 200 123
INFO 2021-02-17 23:19:50,876 basehttp 157 "GET /static/css/main.css HTTP/1.1" 200 39722
INFO 2021-02-17 23:19:50,878 basehttp 157 "GET /static/js/axios-0.18.0.min.js HTTP/1.1" 200 12941
INFO 2021-02-17 23:19:50,881 basehttp 157 "GET /static/js/vue-2.5.16.js HTTP/1.1" 200 289307
INFO 2021-02-17 23:19:50,884 basehttp 157 "GET /static/js/register.js HTTP/1.1" 200 19437
INFO 2021-02-17 23:19:50,887 basehttp 157 "GET /static/images/logo.png HTTP/1.1" 200 7450
INFO 2021-02-17 23:19:50,916 basehttp 157 "GET /static/images/interval_line.png HTTP/1.1" 200 1123
INFO 2021-02-17 23:19:50,917 basehttp 157 "GET /static/images/icons02.png HTTP/1.1" 200 3935
INFO 2021-02-17 23:19:50,917 basehttp 157 "GET /static/images/register_banner.png HTTP/1.1" 200 54894
INFO 2021-02-17 23:20:33,715 basehttp 157 "GET /register/ HTTP/1.1" 200 4834
WARNING 2021-02-17 23:20:33,783 log 224 Not Found: /favicon.ico
WARNING 2021-02-17 23:20:33,784 basehttp 157 "GET /favicon.ico HTTP/1.1" 404 2152
INFO 2021-02-17 23:22:40,942 basehttp 157 "GET /register/ HTTP/1.1" 200 4834
INFO 2021-02-17 23:22:40,952 basehttp 157 "GET /static/css/main.css HTTP/1.1" 304 0
INFO 2021-02-17 23:22:40,952 basehttp 157 "GET /static/js/vue-2.5.16.js HTTP/1.1" 304 0
INFO 2021-02-17 23:22:40,952 basehttp 157 "GET /static/css/reset.css HTTP/1.1" 304 0
INFO 2021-02-17 23:22:40,953 basehttp 157 "GET /static/images/logo.png HTTP/1.1" 304 0
INFO 2021-02-17 23:22:40,953 basehttp 157 "GET /static/js/host.js HTTP/1.1" 304 0
INFO 2021-02-17 23:22:40,954 basehttp 157 "GET /static/js/axios-0.18.0.min.js HTTP/1.1" 304 0
INFO 2021-02-17 23:22:40,954 basehttp 157 "GET /static/js/register.js HTTP/1.1" 304 0
